<?xml version="1.0" encoding="UTF-8"?>
<!-- Generated by org.testng.reporters.JUnitReportReporter -->
<testsuite hostname="GLB-BLR-303-PC" failures="0" tests="1" name="qa.test.fitpeo.testcases.FitPeoPageAssignment" time="25.706" errors="0" timestamp="2024-11-26T11:14:16 IST" skipped="0">
  <testcase classname="qa.test.fitpeo.testcases.FitPeoPageAssignment" name="verifyFitPeoHomepageScenarios" time="25.706"/>
</testsuite> <!-- qa.test.fitpeo.testcases.FitPeoPageAssignment -->
